{"C:\\Users\\Marsh\\OneDrive\\Desktop\\Projects and Assignments\\workflow-repo-ca\\js\\utils\\activepathvalidation.js": {"path":"C:\\Users\\Marsh\\OneDrive\\Desktop\\Projects and Assignments\\workflow-repo-ca\\js\\utils\\activepathvalidation.js","all":false,"statementMap":{"0":{"start":{"line":1,"column":0},"end":{"line":1,"column":3}},"1":{"start":{"line":2,"column":0},"end":{"line":2,"column":53}},"2":{"start":{"line":3,"column":0},"end":{"line":3,"column":51}},"3":{"start":{"line":4,"column":0},"end":{"line":4,"column":50}},"4":{"start":{"line":5,"column":0},"end":{"line":5,"column":3}},"5":{"start":{"line":6,"column":0},"end":{"line":6,"column":0}},"6":{"start":{"line":7,"column":0},"end":{"line":7,"column":49}},"7":{"start":{"line":8,"column":0},"end":{"line":8,"column":2}},"8":{"start":{"line":9,"column":0},"end":{"line":9,"column":50}},"9":{"start":{"line":10,"column":0},"end":{"line":10,"column":63}},"10":{"start":{"line":11,"column":0},"end":{"line":11,"column":16}},"11":{"start":{"line":12,"column":0},"end":{"line":12,"column":3}},"12":{"start":{"line":13,"column":0},"end":{"line":13,"column":2}},"13":{"start":{"line":14,"column":0},"end":{"line":14,"column":0}},"14":{"start":{"line":15,"column":0},"end":{"line":15,"column":29}},"15":{"start":{"line":16,"column":0},"end":{"line":16,"column":16}},"16":{"start":{"line":17,"column":0},"end":{"line":17,"column":3}},"17":{"start":{"line":18,"column":0},"end":{"line":18,"column":2}},"18":{"start":{"line":19,"column":0},"end":{"line":19,"column":2}},"19":{"start":{"line":20,"column":0},"end":{"line":20,"column":53}},"20":{"start":{"line":21,"column":0},"end":{"line":21,"column":16}},"21":{"start":{"line":22,"column":0},"end":{"line":22,"column":3}},"22":{"start":{"line":23,"column":0},"end":{"line":23,"column":2}},"23":{"start":{"line":24,"column":0},"end":{"line":24,"column":15}},"24":{"start":{"line":25,"column":0},"end":{"line":25,"column":1}}},"s":{"0":1,"1":1,"2":1,"3":1,"4":1,"5":1,"6":1,"7":7,"8":7,"9":7,"10":4,"11":4,"12":3,"13":3,"14":7,"15":1,"16":1,"17":2,"18":2,"19":7,"20":1,"21":1,"22":1,"23":1,"24":1},"branchMap":{"0":{"type":"branch","line":7,"loc":{"start":{"line":7,"column":7},"end":{"line":25,"column":1}},"locations":[{"start":{"line":7,"column":7},"end":{"line":25,"column":1}}]},"1":{"type":"branch","line":9,"loc":{"start":{"line":9,"column":20},"end":{"line":9,"column":45}},"locations":[{"start":{"line":9,"column":20},"end":{"line":9,"column":45}}]},"2":{"type":"branch","line":9,"loc":{"start":{"line":9,"column":47},"end":{"line":10,"column":60}},"locations":[{"start":{"line":9,"column":47},"end":{"line":10,"column":60}}]},"3":{"type":"branch","line":10,"loc":{"start":{"line":10,"column":27},"end":{"line":10,"column":59}},"locations":[{"start":{"line":10,"column":27},"end":{"line":10,"column":59}}]},"4":{"type":"branch","line":10,"loc":{"start":{"line":10,"column":62},"end":{"line":12,"column":3}},"locations":[{"start":{"line":10,"column":62},"end":{"line":12,"column":3}}]},"5":{"type":"branch","line":12,"loc":{"start":{"line":12,"column":2},"end":{"line":15,"column":28}},"locations":[{"start":{"line":12,"column":2},"end":{"line":15,"column":28}}]},"6":{"type":"branch","line":15,"loc":{"start":{"line":15,"column":28},"end":{"line":17,"column":3}},"locations":[{"start":{"line":15,"column":28},"end":{"line":17,"column":3}}]},"7":{"type":"branch","line":17,"loc":{"start":{"line":17,"column":2},"end":{"line":20,"column":50}},"locations":[{"start":{"line":17,"column":2},"end":{"line":20,"column":50}}]},"8":{"type":"branch","line":20,"loc":{"start":{"line":20,"column":52},"end":{"line":25,"column":1}},"locations":[{"start":{"line":20,"column":52},"end":{"line":25,"column":1}}]}},"b":{"0":[7],"1":[5],"2":[4],"3":[2],"4":[4],"5":[3],"6":[1],"7":[2],"8":[1]},"fnMap":{"0":{"name":"isActivePath","decl":{"start":{"line":7,"column":7},"end":{"line":25,"column":1}},"loc":{"start":{"line":7,"column":7},"end":{"line":25,"column":1}},"line":7}},"f":{"0":7}}
,"C:\\Users\\Marsh\\OneDrive\\Desktop\\Projects and Assignments\\workflow-repo-ca\\js\\utils\\user.js": {"path":"C:\\Users\\Marsh\\OneDrive\\Desktop\\Projects and Assignments\\workflow-repo-ca\\js\\utils\\user.js","all":false,"statementMap":{"0":{"start":{"line":1,"column":0},"end":{"line":1,"column":3}},"1":{"start":{"line":2,"column":0},"end":{"line":2,"column":41}},"2":{"start":{"line":3,"column":0},"end":{"line":3,"column":67}},"3":{"start":{"line":4,"column":0},"end":{"line":4,"column":3}},"4":{"start":{"line":5,"column":0},"end":{"line":5,"column":31}},"5":{"start":{"line":6,"column":0},"end":{"line":6,"column":9}},"6":{"start":{"line":7,"column":0},"end":{"line":7,"column":52}},"7":{"start":{"line":8,"column":0},"end":{"line":8,"column":33}},"8":{"start":{"line":9,"column":0},"end":{"line":9,"column":6}},"9":{"start":{"line":10,"column":0},"end":{"line":10,"column":40}},"10":{"start":{"line":11,"column":0},"end":{"line":11,"column":31}},"11":{"start":{"line":12,"column":0},"end":{"line":12,"column":21}},"12":{"start":{"line":13,"column":0},"end":{"line":13,"column":55}},"13":{"start":{"line":14,"column":0},"end":{"line":14,"column":18}},"14":{"start":{"line":15,"column":0},"end":{"line":15,"column":5}},"15":{"start":{"line":16,"column":0},"end":{"line":16,"column":3}}},"s":{"0":1,"1":1,"2":1,"3":1,"4":1,"5":2,"6":2,"7":2,"8":1,"9":1,"10":2,"11":2,"12":0,"13":0,"14":0,"15":2},"branchMap":{"0":{"type":"branch","line":5,"loc":{"start":{"line":5,"column":7},"end":{"line":16,"column":3}},"locations":[{"start":{"line":5,"column":7},"end":{"line":16,"column":3}}]},"1":{"type":"branch","line":8,"loc":{"start":{"line":8,"column":21},"end":{"line":11,"column":23}},"locations":[{"start":{"line":8,"column":21},"end":{"line":11,"column":23}}]},"2":{"type":"branch","line":11,"loc":{"start":{"line":11,"column":23},"end":{"line":11,"column":30}},"locations":[{"start":{"line":11,"column":23},"end":{"line":11,"column":30}}]},"3":{"type":"branch","line":12,"loc":{"start":{"line":12,"column":6},"end":{"line":15,"column":5}},"locations":[{"start":{"line":12,"column":6},"end":{"line":15,"column":5}}]}},"b":{"0":[2],"1":[1],"2":[0],"3":[0]},"fnMap":{"0":{"name":"getUserName","decl":{"start":{"line":5,"column":7},"end":{"line":16,"column":3}},"loc":{"start":{"line":5,"column":7},"end":{"line":16,"column":3}},"line":5}},"f":{"0":2}}
}
